<?xml version="1.0" encoding="UTF-8"?>
<!-- Generated by org.testng.reporters.JUnitXMLReporter -->
<testsuite ignored="1" hostname="Mukul" failures="0" tests="1" name="Default test" time="3.797" errors="0" timestamp="2024-02-22T12:04:02 IST">
  <testcase classname="testCases.InputFormTest" name="testFilledFormSubmission" time="3.767"/>
  <testcase classname="testCases.InputFormTest" name="testEmptyFormSubmission" time="0.0">
    <ignored/>
  </testcase> <!-- testEmptyFormSubmission -->
</testsuite> <!-- Default test -->
