<?xml version="1.0" encoding="UTF-8"?>
<!-- Generated by org.testng.reporters.JUnitXMLReporter -->
<testsuite ignored="0" hostname="Mukul" failures="1" tests="1" name="Demo Slider test" time="8.692" errors="0" timestamp="2024-02-21T12:47:55 IST">
  <testcase classname="rough.SliderDemoTest" name="sliderDemoTest" time="8.689">
    <failure type="java.lang.AssertionError" message="null">
      <![CDATA[java.lang.AssertionError: null
at rough.SliderDemoTest.sliderDemoTest(SliderDemoTest.java:40)
at java.base/java.util.ArrayList.forEach(ArrayList.java:1511)
... Removed 29 stack frames]]>
    </failure>
  </testcase> <!-- sliderDemoTest -->
</testsuite> <!-- Demo Slider test -->
