<?xml version="1.0" encoding="UTF-8"?>
<!-- Generated by org.testng.reporters.JUnitXMLReporter -->
<testsuite ignored="0" hostname="Mukul" failures="0" tests="8" name="Input Form Test" time="13.728" errors="0" timestamp="2024-03-03T18:13:37 IST">
  <testcase classname="testCases.InputFormTest" name="testEmptyFormSubmission" time="1.85"/>
  <testcase classname="testCases.InputFormTest" name="testEmptyFormSubmission" time="3.62"/>
  <testcase classname="testCases.InputFormTest" name="testEmptyFormSubmission" time="0.001">
    <skipped/>
  </testcase> <!-- testEmptyFormSubmission -->
  <testcase classname="testCases.InputFormTest" name="testEmptyFormSubmission" time="0.0">
    <skipped/>
  </testcase> <!-- testEmptyFormSubmission -->
  <testcase classname="testCases.InputFormTest" name="testFilledFormSubmission" time="2.56"/>
  <testcase classname="testCases.InputFormTest" name="testFilledFormSubmission" time="4.011"/>
  <testcase classname="testCases.InputFormTest" name="testFilledFormSubmission" time="0.0">
    <skipped/>
  </testcase> <!-- testFilledFormSubmission -->
  <testcase classname="testCases.InputFormTest" name="testFilledFormSubmission" time="0.0">
    <skipped/>
  </testcase> <!-- testFilledFormSubmission -->
</testsuite> <!-- Input Form Test -->
