<?xml version="1.0" encoding="UTF-8"?>
<!-- Generated by org.testng.reporters.JUnitXMLReporter -->
<testsuite ignored="0" hostname="Mukul" failures="0" tests="8" name="Simple Form Test" time="17.361" errors="0" timestamp="2024-03-03T18:13:13 IST">
  <testcase classname="testCases.SimpleFormTest" name="validateSimpleFormPageURL" time="4.708"/>
  <testcase classname="testCases.SimpleFormTest" name="validateSimpleFormPageURL" time="4.984"/>
  <testcase classname="testCases.SimpleFormTest" name="validateSimpleFormPageURL" time="0.001">
    <skipped/>
  </testcase> <!-- validateSimpleFormPageURL -->
  <testcase classname="testCases.SimpleFormTest" name="validateSimpleFormPageURL" time="0.001">
    <skipped/>
  </testcase> <!-- validateSimpleFormPageURL -->
  <testcase classname="testCases.SimpleFormTest" name="validateSimpleFormSubmission" time="2.215"/>
  <testcase classname="testCases.SimpleFormTest" name="validateSimpleFormSubmission" time="3.877"/>
  <testcase classname="testCases.SimpleFormTest" name="validateSimpleFormSubmission" time="0.001">
    <skipped/>
  </testcase> <!-- validateSimpleFormSubmission -->
  <testcase classname="testCases.SimpleFormTest" name="validateSimpleFormSubmission" time="0.0">
    <skipped/>
  </testcase> <!-- validateSimpleFormSubmission -->
</testsuite> <!-- Simple Form Test -->
