<?xml version="1.0" encoding="UTF-8"?>
<!-- Generated by org.testng.reporters.JUnitXMLReporter -->
<testsuite ignored="0" hostname="Mukul" failures="0" tests="4" name="Slider Demo Test" time="10.42" errors="0" timestamp="2024-03-03T18:13:23 IST">
  <testcase classname="testCases.SliderDemoTest" name="sliderDemoTest" time="5.04"/>
  <testcase classname="testCases.SliderDemoTest" name="sliderDemoTest" time="5.355"/>
  <testcase classname="testCases.SliderDemoTest" name="sliderDemoTest" time="0.0">
    <skipped/>
  </testcase> <!-- sliderDemoTest -->
  <testcase classname="testCases.SliderDemoTest" name="sliderDemoTest" time="0.0">
    <skipped/>
  </testcase> <!-- sliderDemoTest -->
</testsuite> <!-- Slider Demo Test -->
